<?xml version="1.0" encoding="UTF-8"?>
<!-- Generated by org.testng.reporters.JUnitReportReporter -->
<testsuite hostname="NJ" failures="0" tests="1" name="Basepkg.wappalyzer" time="5.799" errors="0" timestamp="2023-07-31T11:20:21 IST" skipped="0">
  <testcase classname="Basepkg.wappalyzer" name="menu" time="5.799"/>
  <system-out/>
</testsuite> <!-- Basepkg.wappalyzer -->
